2026-01-13 01:29:22,005 - INFO - 🚀 Historical Intelligence Analysis System (HIAS) - Starting all services...
2026-01-13 01:29:22,006 - INFO - ==================================================
2026-01-13 01:29:22,008 - INFO - Starting services...
2026-01-13 01:29:22,009 - INFO - 🔧 Starting API Server...
2026-01-13 01:29:22,034 - WARNING - Port 8000 is already in use by 0
2026-01-13 01:29:22,037 - WARNING - Port 8000 is in use, attempting to free it...
2026-01-13 01:29:24,074 - DEBUG - PYTHONPATH set to: D:\argus\src
2026-01-13 01:29:24,074 - DEBUG - API command: C:\Users\T\AppData\Local\Programs\Python\Python310\python.exe -c import sys; sys.path.insert(0, "d:\\argus\src"); from src.api.server import app; import uvicorn; uvicorn.run(app, host="127.0.0.1", port=8000)
2026-01-13 01:29:26,159 - INFO -    ✅ API Server started!
2026-01-13 01:29:26,160 - INFO -    📊 API Documentation: http://localhost:8000/docs
2026-01-13 01:29:26,161 - INFO - 📊 Starting Streamlit UI...
2026-01-13 01:29:26,181 - DEBUG - PYTHONPATH set to: D:\argus\src
2026-01-13 01:29:26,181 - DEBUG - UI command: C:\Users\T\AppData\Local\Programs\Python\Python310\python.exe -m streamlit run src/ui/app.py --server.address=localhost --server.port=8501
2026-01-13 01:29:29,201 - INFO -    ✅ Streamlit UI started!
2026-01-13 01:29:29,201 - INFO -    🌐 Web Interface: http://localhost:8501
2026-01-13 01:29:29,203 - INFO - Waiting for services to initialize...
2026-01-13 01:29:32,214 - INFO - Checking service health...
2026-01-13 01:29:32,215 - DEBUG - Checking API Server at http://localhost:8000/health
2026-01-13 01:29:32,228 - DEBUG - Starting new HTTP connection (1): localhost:8000
2026-01-13 01:29:36,337 - ERROR - API Server check failed: HTTPConnectionPool(host='localhost', port=8000): Max retries exceeded with url: /health (Caused by NewConnectionError('<urllib3.connection.HTTPConnection object at 0x0000023D551808E0>: Failed to establish a new connection: [WinError 10061] No connection could be made because the target machine actively refused it'))
2026-01-13 01:29:36,338 - DEBUG - Checking Streamlit UI at http://localhost:8501
2026-01-13 01:29:36,342 - DEBUG - Starting new HTTP connection (1): localhost:8501
2026-01-13 01:29:43,434 - DEBUG - http://localhost:8501 "GET / HTTP/1.1" 200 None
2026-01-13 01:29:43,435 - DEBUG - Streamlit UI check: ✅ Success (Status: 200)
2026-01-13 01:29:43,440 - INFO - API Health: ✅
2026-01-13 01:29:43,441 - INFO - UI Health: ✅
2026-01-13 01:29:43,446 - INFO - Historical Intelligence Analysis System (HIAS) started successfully
2026-01-13 02:23:02,479 - INFO - 🛑 Stopping Historical Intelligence Analysis System (HIAS)...
