{"timestamp": "2026-01-10T18:33:50.120257Z", "level": "INFO", "logger": "src.data.storage", "message": "File storage initialized at data", "module": "storage", "function": "__init__", "line": 72, "asctime": "2026-01-10 22:33:50,119"}
{"timestamp": "2026-01-10T18:33:50.121140Z", "level": "INFO", "logger": "src.data.storage", "message": "Storage manager initialized with FileStorageBackend", "module": "storage", "function": "__init__", "line": 428, "asctime": "2026-01-10 22:33:50,120"}
{"timestamp": "2026-01-10T18:33:54.712465Z", "level": "WARNING", "logger": "src.core.graph", "message": "Redis cache not available: Error 10061 connecting to localhost:6379. No connection could be made because the target machine actively refused it.", "module": "graph", "function": "__init__", "line": 56, "asctime": "2026-01-10 22:33:54,712"}
{"timestamp": "2026-01-10T18:33:54.714237Z", "level": "INFO", "logger": "src.core.resolver", "message": "EntityResolver initialized", "module": "resolver", "function": "__init__", "line": 132, "asctime": "2026-01-10 22:33:54,713"}
{"timestamp": "2026-01-10T18:35:44.022438Z", "level": "INFO", "logger": "src.data.storage", "message": "File storage initialized at data", "module": "storage", "function": "__init__", "line": 72, "asctime": "2026-01-10 22:35:44,014"}
{"timestamp": "2026-01-10T18:35:44.024442Z", "level": "INFO", "logger": "src.data.storage", "message": "Storage manager initialized with FileStorageBackend", "module": "storage", "function": "__init__", "line": 428, "asctime": "2026-01-10 22:35:44,023"}
{"timestamp": "2026-01-10T18:35:48.275878Z", "level": "WARNING", "logger": "src.core.graph", "message": "Redis cache not available: Error 10061 connecting to localhost:6379. No connection could be made because the target machine actively refused it.", "module": "graph", "function": "__init__", "line": 56, "asctime": "2026-01-10 22:35:48,275"}
{"timestamp": "2026-01-10T18:35:48.277824Z", "level": "INFO", "logger": "src.core.resolver", "message": "EntityResolver initialized", "module": "resolver", "function": "__init__", "line": 132, "asctime": "2026-01-10 22:35:48,277"}
{"timestamp": "2026-01-10T18:36:41.798002Z", "level": "INFO", "logger": "src.core.resolver", "message": "EntityResolver initialized", "module": "resolver", "function": "__init__", "line": 132, "asctime": "2026-01-10 22:36:41,795"}
{"timestamp": "2026-01-10T18:57:01.900822Z", "level": "INFO", "logger": "src.data.storage", "message": "File storage initialized at data", "module": "storage", "function": "__init__", "line": 72, "asctime": "2026-01-10 22:57:01,899"}
{"timestamp": "2026-01-10T18:57:01.902413Z", "level": "INFO", "logger": "src.data.storage", "message": "Storage manager initialized with FileStorageBackend", "module": "storage", "function": "__init__", "line": 428, "asctime": "2026-01-10 22:57:01,901"}
{"timestamp": "2026-01-10T18:57:06.093794Z", "level": "WARNING", "logger": "src.core.graph", "message": "Redis cache not available: Error 10061 connecting to localhost:6379. No connection could be made because the target machine actively refused it.", "module": "graph", "function": "__init__", "line": 56, "asctime": "2026-01-10 22:57:06,093"}
{"timestamp": "2026-01-10T18:57:06.094797Z", "level": "INFO", "logger": "src.core.resolver", "message": "EntityResolver initialized", "module": "resolver", "function": "__init__", "line": 132, "asctime": "2026-01-10 22:57:06,093"}
{"timestamp": "2026-01-10T19:02:49.611840Z", "level": "INFO", "logger": "src.data.storage", "message": "File storage initialized at data", "module": "storage", "function": "__init__", "line": 72, "asctime": "2026-01-10 23:02:49,611"}
{"timestamp": "2026-01-10T19:02:49.613843Z", "level": "INFO", "logger": "src.data.storage", "message": "Storage manager initialized with FileStorageBackend", "module": "storage", "function": "__init__", "line": 428, "asctime": "2026-01-10 23:02:49,611"}
{"timestamp": "2026-01-10T19:02:53.958829Z", "level": "WARNING", "logger": "src.core.graph", "message": "Redis cache not available: Error 10061 connecting to localhost:6379. No connection could be made because the target machine actively refused it.", "module": "graph", "function": "__init__", "line": 56, "asctime": "2026-01-10 23:02:53,957"}
{"timestamp": "2026-01-10T19:02:53.961549Z", "level": "INFO", "logger": "src.core.resolver", "message": "EntityResolver initialized", "module": "resolver", "function": "__init__", "line": 132, "asctime": "2026-01-10 23:02:53,960"}
{"timestamp": "2026-01-10T19:03:23.046011Z", "level": "INFO", "logger": "src.api.server", "message": "GET / - Status: 200 - Time: 0.001s", "module": "server", "function": "log_requests", "line": 93, "asctime": "2026-01-10 23:03:23,042"}
{"timestamp": "2026-01-10T19:03:23.689317Z", "level": "INFO", "logger": "src.api.server", "message": "GET /favicon.ico - Status: 404 - Time: 0.002s", "module": "server", "function": "log_requests", "line": 93, "asctime": "2026-01-10 23:03:23,688"}
{"timestamp": "2026-01-10T19:05:01.369348Z", "level": "INFO", "logger": "src.data.storage", "message": "File storage initialized at data", "module": "storage", "function": "__init__", "line": 72, "asctime": "2026-01-10 23:05:01,368"}
{"timestamp": "2026-01-10T19:05:01.370342Z", "level": "INFO", "logger": "src.data.storage", "message": "Storage manager initialized with FileStorageBackend", "module": "storage", "function": "__init__", "line": 428, "asctime": "2026-01-10 23:05:01,369"}
{"timestamp": "2026-01-10T19:05:05.558169Z", "level": "WARNING", "logger": "src.core.graph", "message": "Redis cache not available: Error 10061 connecting to localhost:6379. No connection could be made because the target machine actively refused it.", "module": "graph", "function": "__init__", "line": 56, "asctime": "2026-01-10 23:05:05,556"}
{"timestamp": "2026-01-10T19:05:05.560200Z", "level": "INFO", "logger": "src.core.resolver", "message": "EntityResolver initialized", "module": "resolver", "function": "__init__", "line": 132, "asctime": "2026-01-10 23:05:05,558"}
{"timestamp": "2026-01-10T19:06:42.573756Z", "level": "INFO", "logger": "src.api.server", "message": "GET /docs - Status: 200 - Time: 0.003s", "module": "server", "function": "log_requests", "line": 93, "asctime": "2026-01-10 23:06:42,565"}
{"timestamp": "2026-01-10T19:06:44.178845Z", "level": "INFO", "logger": "src.api.server", "message": "GET /openapi.json - Status: 200 - Time: 0.117s", "module": "server", "function": "log_requests", "line": 93, "asctime": "2026-01-10 23:06:44,114"}
{"timestamp": "2026-01-10T19:06:53.528990Z", "level": "INFO", "logger": "src.api.server", "message": "GET / - Status: 200 - Time: 0.001s", "module": "server", "function": "log_requests", "line": 93, "asctime": "2026-01-10 23:06:53,527"}
{"timestamp": "2026-01-10T19:07:01.955750Z", "level": "ERROR", "logger": "src.api.server", "message": "Failed to get stats: not implemented for multigraph type", "module": "server", "function": "get_stats", "line": 493, "asctime": "2026-01-10 23:07:01,953"}
{"timestamp": "2026-01-10T19:07:01.956750Z", "level": "INFO", "logger": "src.api.server", "message": "GET /api/stats - Status: 500 - Time: 0.005s", "module": "server", "function": "log_requests", "line": 93, "asctime": "2026-01-10 23:07:01,956"}
{"timestamp": "2026-01-10T19:07:01.989271Z", "level": "ERROR", "logger": "src.api.server", "message": "Failed to get stats: not implemented for multigraph type", "module": "server", "function": "get_stats", "line": 493, "asctime": "2026-01-10 23:07:01,988"}
{"timestamp": "2026-01-10T19:07:01.990271Z", "level": "INFO", "logger": "src.api.server", "message": "GET /api/stats - Status: 500 - Time: 0.003s", "module": "server", "function": "log_requests", "line": 93, "asctime": "2026-01-10 23:07:01,990"}
{"timestamp": "2026-01-10T19:09:11.931350Z", "level": "ERROR", "logger": "src.api.server", "message": "Failed to get stats: not implemented for multigraph type", "module": "server", "function": "get_stats", "line": 493, "asctime": "2026-01-10 23:09:11,918"}
{"timestamp": "2026-01-10T19:09:11.949349Z", "level": "INFO", "logger": "src.api.server", "message": "GET /api/stats - Status: 500 - Time: 0.015s", "module": "server", "function": "log_requests", "line": 93, "asctime": "2026-01-10 23:09:11,932"}
{"timestamp": "2026-01-10T19:09:11.998747Z", "level": "ERROR", "logger": "src.api.server", "message": "Failed to get stats: not implemented for multigraph type", "module": "server", "function": "get_stats", "line": 493, "asctime": "2026-01-10 23:09:11,979"}
{"timestamp": "2026-01-10T19:09:12.021887Z", "level": "INFO", "logger": "src.api.server", "message": "GET /api/stats - Status: 500 - Time: 0.022s", "module": "server", "function": "log_requests", "line": 93, "asctime": "2026-01-10 23:09:11,999"}
{"timestamp": "2026-01-10T19:09:18.052323Z", "level": "ERROR", "logger": "src.api.server", "message": "Failed to get stats: not implemented for multigraph type", "module": "server", "function": "get_stats", "line": 493, "asctime": "2026-01-10 23:09:18,049"}
{"timestamp": "2026-01-10T19:09:18.056324Z", "level": "INFO", "logger": "src.api.server", "message": "GET /api/stats - Status: 500 - Time: 0.004s", "module": "server", "function": "log_requests", "line": 93, "asctime": "2026-01-10 23:09:18,053"}
{"timestamp": "2026-01-10T19:10:14.572123Z", "level": "ERROR", "logger": "src.api.server", "message": "Failed to get stats: not implemented for multigraph type", "module": "server", "function": "get_stats", "line": 493, "asctime": "2026-01-10 23:10:14,571"}
{"timestamp": "2026-01-10T19:10:14.575125Z", "level": "INFO", "logger": "src.api.server", "message": "GET /api/stats - Status: 500 - Time: 0.002s", "module": "server", "function": "log_requests", "line": 93, "asctime": "2026-01-10 23:10:14,572"}
{"timestamp": "2026-01-10T19:10:38.325730Z", "level": "INFO", "logger": "src.core.graph", "message": "Added entity test1 of type person", "module": "graph", "function": "add_entity", "line": 91, "asctime": "2026-01-10 23:10:38,324"}
{"timestamp": "2026-01-10T19:10:38.325730Z", "level": "INFO", "logger": "src.core.graph", "message": "Added entity test2 of type organization", "module": "graph", "function": "add_entity", "line": 91, "asctime": "2026-01-10 23:10:38,325"}
{"timestamp": "2026-01-10T19:11:31.836909Z", "level": "INFO", "logger": "src.core.graph", "message": "Added entity test1 of type person", "module": "graph", "function": "add_entity", "line": 91, "asctime": "2026-01-10 23:11:31,835"}
{"timestamp": "2026-01-10T19:11:31.836909Z", "level": "INFO", "logger": "src.core.graph", "message": "Added entity test2 of type organization", "module": "graph", "function": "add_entity", "line": 91, "asctime": "2026-01-10 23:11:31,836"}
{"timestamp": "2026-01-10T19:12:22.497849Z", "level": "ERROR", "logger": "src.api.server", "message": "Failed to get stats: not implemented for multigraph type", "module": "server", "function": "get_stats", "line": 493, "asctime": "2026-01-10 23:12:22,484"}
{"timestamp": "2026-01-10T19:12:22.504829Z", "level": "INFO", "logger": "src.api.server", "message": "GET /api/stats - Status: 500 - Time: 0.016s", "module": "server", "function": "log_requests", "line": 93, "asctime": "2026-01-10 23:12:22,499"}
{"timestamp": "2026-01-10T19:12:23.945021Z", "level": "ERROR", "logger": "src.api.server", "message": "Failed to get stats: not implemented for multigraph type", "module": "server", "function": "get_stats", "line": 493, "asctime": "2026-01-10 23:12:23,943"}
{"timestamp": "2026-01-10T19:12:23.948038Z", "level": "INFO", "logger": "src.api.server", "message": "GET /api/stats - Status: 500 - Time: 0.003s", "module": "server", "function": "log_requests", "line": 93, "asctime": "2026-01-10 23:12:23,946"}
{"timestamp": "2026-01-10T19:12:25.258005Z", "level": "ERROR", "logger": "src.api.server", "message": "Failed to get stats: not implemented for multigraph type", "module": "server", "function": "get_stats", "line": 493, "asctime": "2026-01-10 23:12:25,256"}
{"timestamp": "2026-01-10T19:12:25.268005Z", "level": "INFO", "logger": "src.api.server", "message": "GET /api/stats - Status: 500 - Time: 0.009s", "module": "server", "function": "log_requests", "line": 93, "asctime": "2026-01-10 23:12:25,265"}
{"timestamp": "2026-01-10T19:12:38.508647Z", "level": "ERROR", "logger": "src.api.server", "message": "Failed to get stats: not implemented for multigraph type", "module": "server", "function": "get_stats", "line": 493, "asctime": "2026-01-10 23:12:38,479"}
{"timestamp": "2026-01-10T19:12:38.527648Z", "level": "INFO", "logger": "src.api.server", "message": "GET /api/stats - Status: 500 - Time: 0.031s", "module": "server", "function": "log_requests", "line": 93, "asctime": "2026-01-10 23:12:38,508"}
{"timestamp": "2026-01-10T19:12:39.592170Z", "level": "ERROR", "logger": "src.api.server", "message": "Failed to get stats: not implemented for multigraph type", "module": "server", "function": "get_stats", "line": 493, "asctime": "2026-01-10 23:12:39,591"}
{"timestamp": "2026-01-10T19:12:39.593173Z", "level": "INFO", "logger": "src.api.server", "message": "GET /api/stats - Status: 500 - Time: 0.003s", "module": "server", "function": "log_requests", "line": 93, "asctime": "2026-01-10 23:12:39,593"}
{"timestamp": "2026-01-10T19:12:40.478712Z", "level": "ERROR", "logger": "src.api.server", "message": "Failed to get stats: not implemented for multigraph type", "module": "server", "function": "get_stats", "line": 493, "asctime": "2026-01-10 23:12:40,478"}
{"timestamp": "2026-01-10T19:12:40.480640Z", "level": "INFO", "logger": "src.api.server", "message": "GET /api/stats - Status: 500 - Time: 0.001s", "module": "server", "function": "log_requests", "line": 93, "asctime": "2026-01-10 23:12:40,480"}
{"timestamp": "2026-01-10T19:12:41.142400Z", "level": "ERROR", "logger": "src.api.server", "message": "Failed to get stats: not implemented for multigraph type", "module": "server", "function": "get_stats", "line": 493, "asctime": "2026-01-10 23:12:41,142"}
{"timestamp": "2026-01-10T19:12:41.143316Z", "level": "INFO", "logger": "src.api.server", "message": "GET /api/stats - Status: 500 - Time: 0.002s", "module": "server", "function": "log_requests", "line": 93, "asctime": "2026-01-10 23:12:41,143"}
{"timestamp": "2026-01-10T19:12:41.586697Z", "level": "ERROR", "logger": "src.api.server", "message": "Failed to get stats: not implemented for multigraph type", "module": "server", "function": "get_stats", "line": 493, "asctime": "2026-01-10 23:12:41,557"}
{"timestamp": "2026-01-10T19:12:41.587696Z", "level": "INFO", "logger": "src.api.server", "message": "GET /api/stats - Status: 500 - Time: 0.030s", "module": "server", "function": "log_requests", "line": 93, "asctime": "2026-01-10 23:12:41,586"}
{"timestamp": "2026-01-10T19:12:42.282325Z", "level": "ERROR", "logger": "src.api.server", "message": "Failed to get stats: not implemented for multigraph type", "module": "server", "function": "get_stats", "line": 493, "asctime": "2026-01-10 23:12:42,281"}
{"timestamp": "2026-01-10T19:12:42.283610Z", "level": "INFO", "logger": "src.api.server", "message": "GET /api/stats - Status: 500 - Time: 0.346s", "module": "server", "function": "log_requests", "line": 93, "asctime": "2026-01-10 23:12:42,283"}
{"timestamp": "2026-01-10T19:12:42.729766Z", "level": "ERROR", "logger": "src.api.server", "message": "Failed to get stats: not implemented for multigraph type", "module": "server", "function": "get_stats", "line": 493, "asctime": "2026-01-10 23:12:42,726"}
{"timestamp": "2026-01-10T19:12:42.730861Z", "level": "INFO", "logger": "src.api.server", "message": "GET /api/stats - Status: 500 - Time: 0.005s", "module": "server", "function": "log_requests", "line": 93, "asctime": "2026-01-10 23:12:42,730"}
{"timestamp": "2026-01-10T19:12:43.540912Z", "level": "ERROR", "logger": "src.api.server", "message": "Failed to get stats: not implemented for multigraph type", "module": "server", "function": "get_stats", "line": 493, "asctime": "2026-01-10 23:12:43,540"}
{"timestamp": "2026-01-10T19:12:43.541947Z", "level": "INFO", "logger": "src.api.server", "message": "GET /api/stats - Status: 500 - Time: 0.001s", "module": "server", "function": "log_requests", "line": 93, "asctime": "2026-01-10 23:12:43,540"}
{"timestamp": "2026-01-10T19:13:44.568929Z", "level": "INFO", "logger": "src.data.storage", "message": "File storage initialized at data", "module": "storage", "function": "__init__", "line": 72, "asctime": "2026-01-10 23:13:44,567"}
{"timestamp": "2026-01-10T19:13:44.574004Z", "level": "INFO", "logger": "src.data.storage", "message": "Storage manager initialized with FileStorageBackend", "module": "storage", "function": "__init__", "line": 428, "asctime": "2026-01-10 23:13:44,573"}
{"timestamp": "2026-01-10T19:13:48.835924Z", "level": "WARNING", "logger": "src.core.graph", "message": "Redis cache not available: Error 10061 connecting to localhost:6379. No connection could be made because the target machine actively refused it.", "module": "graph", "function": "__init__", "line": 56, "asctime": "2026-01-10 23:13:48,835"}
{"timestamp": "2026-01-10T19:13:48.836869Z", "level": "INFO", "logger": "src.core.resolver", "message": "EntityResolver initialized", "module": "resolver", "function": "__init__", "line": 132, "asctime": "2026-01-10 23:13:48,835"}
{"timestamp": "2026-01-10T19:13:51.256839Z", "level": "INFO", "logger": "src.api.server", "message": "GET /health - Status: 200 - Time: 0.002s", "module": "server", "function": "log_requests", "line": 93, "asctime": "2026-01-10 23:13:51,253"}
{"timestamp": "2026-01-10T19:14:06.244599Z", "level": "INFO", "logger": "src.api.server", "message": "GET / - Status: 200 - Time: 0.001s", "module": "server", "function": "log_requests", "line": 93, "asctime": "2026-01-10 23:14:06,244"}
{"timestamp": "2026-01-10T19:14:20.344809Z", "level": "INFO", "logger": "src.api.server", "message": "GET /docs - Status: 200 - Time: 0.000s", "module": "server", "function": "log_requests", "line": 93, "asctime": "2026-01-10 23:14:20,342"}
{"timestamp": "2026-01-10T19:14:20.946518Z", "level": "INFO", "logger": "src.api.server", "message": "GET /openapi.json - Status: 200 - Time: 0.053s", "module": "server", "function": "log_requests", "line": 93, "asctime": "2026-01-10 23:14:20,946"}
{"timestamp": "2026-01-10T19:22:41.884243Z", "level": "INFO", "logger": "src.data.storage", "message": "File storage initialized at data", "module": "storage", "function": "__init__", "line": 72, "asctime": "2026-01-10 23:22:41,883"}
{"timestamp": "2026-01-10T19:22:41.886243Z", "level": "INFO", "logger": "src.data.storage", "message": "Storage manager initialized with FileStorageBackend", "module": "storage", "function": "__init__", "line": 428, "asctime": "2026-01-10 23:22:41,885"}
{"timestamp": "2026-01-10T19:22:46.154967Z", "level": "WARNING", "logger": "src.core.graph", "message": "Redis cache not available: Error 10061 connecting to localhost:6379. No connection could be made because the target machine actively refused it.", "module": "graph", "function": "__init__", "line": 56, "asctime": "2026-01-10 23:22:46,154"}
{"timestamp": "2026-01-10T19:22:46.155971Z", "level": "INFO", "logger": "src.core.resolver", "message": "EntityResolver initialized", "module": "resolver", "function": "__init__", "line": 132, "asctime": "2026-01-10 23:22:46,155"}
{"timestamp": "2026-01-10T19:23:26.312728Z", "level": "WARNING", "logger": "src.core.graph", "message": "Failed to calculate average clustering: division by zero", "module": "graph", "function": "_calculate_avg_clustering", "line": 354, "asctime": "2026-01-10 23:23:26,311"}
{"timestamp": "2026-01-10T19:23:26.415744Z", "level": "INFO", "logger": "src.api.server", "message": "GET /api/stats - Status: 200 - Time: 0.106s", "module": "server", "function": "log_requests", "line": 93, "asctime": "2026-01-10 23:23:26,413"}
{"timestamp": "2026-01-10T19:23:26.454496Z", "level": "WARNING", "logger": "src.core.graph", "message": "Failed to calculate average clustering: division by zero", "module": "graph", "function": "_calculate_avg_clustering", "line": 354, "asctime": "2026-01-10 23:23:26,453"}
{"timestamp": "2026-01-10T19:23:26.456495Z", "level": "INFO", "logger": "src.api.server", "message": "GET /api/stats - Status: 200 - Time: 0.003s", "module": "server", "function": "log_requests", "line": 93, "asctime": "2026-01-10 23:23:26,455"}
{"timestamp": "2026-01-10T19:23:27.796531Z", "level": "WARNING", "logger": "src.core.graph", "message": "Failed to calculate average clustering: division by zero", "module": "graph", "function": "_calculate_avg_clustering", "line": 354, "asctime": "2026-01-10 23:23:27,791"}
{"timestamp": "2026-01-10T19:23:27.797697Z", "level": "INFO", "logger": "src.api.server", "message": "GET /api/stats - Status: 200 - Time: 0.006s", "module": "server", "function": "log_requests", "line": 93, "asctime": "2026-01-10 23:23:27,796"}
{"timestamp": "2026-01-10T19:23:27.821341Z", "level": "WARNING", "logger": "src.core.graph", "message": "Failed to calculate average clustering: division by zero", "module": "graph", "function": "_calculate_avg_clustering", "line": 354, "asctime": "2026-01-10 23:23:27,820"}
{"timestamp": "2026-01-10T19:23:27.822343Z", "level": "INFO", "logger": "src.api.server", "message": "GET /api/stats - Status: 200 - Time: 0.002s", "module": "server", "function": "log_requests", "line": 93, "asctime": "2026-01-10 23:23:27,822"}
{"timestamp": "2026-01-10T19:33:51.402705Z", "level": "INFO", "logger": "src.data.storage", "message": "File storage initialized at data", "module": "storage", "function": "__init__", "line": 72, "asctime": "2026-01-10 23:33:51,401"}
{"timestamp": "2026-01-10T19:33:51.402705Z", "level": "INFO", "logger": "src.data.storage", "message": "Storage manager initialized with FileStorageBackend", "module": "storage", "function": "__init__", "line": 428, "asctime": "2026-01-10 23:33:51,402"}
{"timestamp": "2026-01-10T19:33:55.845765Z", "level": "WARNING", "logger": "src.core.graph", "message": "Redis cache not available: Error 10061 connecting to localhost:6379. No connection could be made because the target machine actively refused it.", "module": "graph", "function": "__init__", "line": 56, "asctime": "2026-01-10 23:33:55,845"}
{"timestamp": "2026-01-10T19:33:55.846770Z", "level": "INFO", "logger": "src.core.resolver", "message": "EntityResolver initialized", "module": "resolver", "function": "__init__", "line": 132, "asctime": "2026-01-10 23:33:55,845"}
{"timestamp": "2026-01-10T19:36:34.125167Z", "level": "INFO", "logger": "src.data.storage", "message": "File storage initialized at data", "module": "storage", "function": "__init__", "line": 72, "asctime": "2026-01-10 23:36:34,125"}
{"timestamp": "2026-01-10T19:36:34.126341Z", "level": "INFO", "logger": "src.data.storage", "message": "Storage manager initialized with FileStorageBackend", "module": "storage", "function": "__init__", "line": 428, "asctime": "2026-01-10 23:36:34,126"}
{"timestamp": "2026-01-10T19:36:38.670993Z", "level": "WARNING", "logger": "src.core.graph", "message": "Redis cache not available: Error 10061 connecting to localhost:6379. No connection could be made because the target machine actively refused it.", "module": "graph", "function": "__init__", "line": 56, "asctime": "2026-01-10 23:36:38,669"}
{"timestamp": "2026-01-10T19:36:38.671987Z", "level": "INFO", "logger": "src.core.resolver", "message": "EntityResolver initialized", "module": "resolver", "function": "__init__", "line": 132, "asctime": "2026-01-10 23:36:38,671"}
{"timestamp": "2026-01-10T19:38:06.364952Z", "level": "INFO", "logger": "src.data.storage", "message": "File storage initialized at data", "module": "storage", "function": "__init__", "line": 72, "asctime": "2026-01-10 23:38:06,364"}
{"timestamp": "2026-01-10T19:38:06.364952Z", "level": "INFO", "logger": "src.data.storage", "message": "Storage manager initialized with FileStorageBackend", "module": "storage", "function": "__init__", "line": 428, "asctime": "2026-01-10 23:38:06,364"}
{"timestamp": "2026-01-10T19:38:10.511014Z", "level": "WARNING", "logger": "src.core.graph", "message": "Redis cache not available: Error 10061 connecting to localhost:6379. No connection could be made because the target machine actively refused it.", "module": "graph", "function": "__init__", "line": 56, "asctime": "2026-01-10 23:38:10,510"}
{"timestamp": "2026-01-10T19:38:10.512011Z", "level": "INFO", "logger": "src.core.resolver", "message": "EntityResolver initialized", "module": "resolver", "function": "__init__", "line": 132, "asctime": "2026-01-10 23:38:10,511"}
{"timestamp": "2026-01-10T19:42:05.462176Z", "level": "INFO", "logger": "src.data.storage", "message": "File storage initialized at data", "module": "storage", "function": "__init__", "line": 72, "asctime": "2026-01-10 23:42:05,461"}
{"timestamp": "2026-01-10T19:42:05.463172Z", "level": "INFO", "logger": "src.data.storage", "message": "Storage manager initialized with FileStorageBackend", "module": "storage", "function": "__init__", "line": 428, "asctime": "2026-01-10 23:42:05,462"}
{"timestamp": "2026-01-10T19:42:09.631512Z", "level": "WARNING", "logger": "src.core.graph", "message": "Redis cache not available: Error 10061 connecting to localhost:6379. No connection could be made because the target machine actively refused it.", "module": "graph", "function": "__init__", "line": 56, "asctime": "2026-01-10 23:42:09,631"}
{"timestamp": "2026-01-10T19:42:09.632516Z", "level": "INFO", "logger": "src.core.resolver", "message": "EntityResolver initialized", "module": "resolver", "function": "__init__", "line": 132, "asctime": "2026-01-10 23:42:09,632"}
{"timestamp": "2026-01-10T19:42:18.712352Z", "level": "INFO", "logger": "src.api.server", "message": "GET / - Status: 200 - Time: 0.001s", "module": "server", "function": "log_requests", "line": 93, "asctime": "2026-01-10 23:42:18,699"}
{"timestamp": "2026-01-10T19:42:30.368008Z", "level": "INFO", "logger": "src.data.storage", "message": "File storage initialized at data", "module": "storage", "function": "__init__", "line": 72, "asctime": "2026-01-10 23:42:30,367"}
{"timestamp": "2026-01-10T19:42:30.368008Z", "level": "INFO", "logger": "src.data.storage", "message": "Storage manager initialized with FileStorageBackend", "module": "storage", "function": "__init__", "line": 428, "asctime": "2026-01-10 23:42:30,368"}
{"timestamp": "2026-01-10T19:42:34.558506Z", "level": "WARNING", "logger": "src.core.graph", "message": "Redis cache not available: Error 10061 connecting to localhost:6379. No connection could be made because the target machine actively refused it.", "module": "graph", "function": "__init__", "line": 56, "asctime": "2026-01-10 23:42:34,554"}
{"timestamp": "2026-01-10T19:42:34.558820Z", "level": "INFO", "logger": "src.core.resolver", "message": "EntityResolver initialized", "module": "resolver", "function": "__init__", "line": 132, "asctime": "2026-01-10 23:42:34,558"}
{"timestamp": "2026-01-10T19:44:16.660606Z", "level": "INFO", "logger": "src.data.storage", "message": "File storage initialized at data", "module": "storage", "function": "__init__", "line": 72, "asctime": "2026-01-10 23:44:16,659"}
{"timestamp": "2026-01-10T19:44:16.661605Z", "level": "INFO", "logger": "src.data.storage", "message": "Storage manager initialized with FileStorageBackend", "module": "storage", "function": "__init__", "line": 428, "asctime": "2026-01-10 23:44:16,660"}
{"timestamp": "2026-01-10T19:44:20.847732Z", "level": "WARNING", "logger": "src.core.graph", "message": "Redis cache not available: Error 10061 connecting to localhost:6379. No connection could be made because the target machine actively refused it.", "module": "graph", "function": "__init__", "line": 56, "asctime": "2026-01-10 23:44:20,846"}
{"timestamp": "2026-01-10T19:44:20.848731Z", "level": "INFO", "logger": "src.core.resolver", "message": "EntityResolver initialized", "module": "resolver", "function": "__init__", "line": 132, "asctime": "2026-01-10 23:44:20,848"}
{"timestamp": "2026-01-10T19:44:44.005933Z", "level": "INFO", "logger": "src.data.storage", "message": "File storage initialized at data", "module": "storage", "function": "__init__", "line": 72, "asctime": "2026-01-10 23:44:44,004"}
{"timestamp": "2026-01-10T19:44:44.005933Z", "level": "INFO", "logger": "src.data.storage", "message": "Storage manager initialized with FileStorageBackend", "module": "storage", "function": "__init__", "line": 428, "asctime": "2026-01-10 23:44:44,005"}
{"timestamp": "2026-01-10T19:44:48.167733Z", "level": "WARNING", "logger": "src.core.graph", "message": "Redis cache not available: Error 10061 connecting to localhost:6379. No connection could be made because the target machine actively refused it.", "module": "graph", "function": "__init__", "line": 56, "asctime": "2026-01-10 23:44:48,167"}
{"timestamp": "2026-01-10T19:44:48.168744Z", "level": "INFO", "logger": "src.core.resolver", "message": "EntityResolver initialized", "module": "resolver", "function": "__init__", "line": 132, "asctime": "2026-01-10 23:44:48,168"}
{"timestamp": "2026-01-10T19:45:08.791915Z", "level": "INFO", "logger": "src.api.server", "message": "GET / - Status: 200 - Time: 0.001s", "module": "server", "function": "log_requests", "line": 93, "asctime": "2026-01-10 23:45:08,790"}
{"timestamp": "2026-01-10T19:46:35.424929Z", "level": "INFO", "logger": "src.data.storage", "message": "File storage initialized at data", "module": "storage", "function": "__init__", "line": 72, "asctime": "2026-01-10 23:46:35,423"}
{"timestamp": "2026-01-10T19:46:35.424929Z", "level": "INFO", "logger": "src.data.storage", "message": "Storage manager initialized with FileStorageBackend", "module": "storage", "function": "__init__", "line": 428, "asctime": "2026-01-10 23:46:35,424"}
{"timestamp": "2026-01-10T19:46:39.581972Z", "level": "WARNING", "logger": "src.core.graph", "message": "Redis cache not available: Error 10061 connecting to localhost:6379. No connection could be made because the target machine actively refused it.", "module": "graph", "function": "__init__", "line": 56, "asctime": "2026-01-10 23:46:39,581"}
{"timestamp": "2026-01-10T19:46:39.582896Z", "level": "INFO", "logger": "src.core.resolver", "message": "EntityResolver initialized", "module": "resolver", "function": "__init__", "line": 132, "asctime": "2026-01-10 23:46:39,581"}
{"timestamp": "2026-01-10T19:46:48.253491Z", "level": "INFO", "logger": "src.api.server", "message": "GET / - Status: 200 - Time: 0.002s", "module": "server", "function": "log_requests", "line": 93, "asctime": "2026-01-10 23:46:48,253"}
{"timestamp": "2026-01-10T19:46:49.284237Z", "level": "INFO", "logger": "src.api.server", "message": "GET / - Status: 200 - Time: 0.001s", "module": "server", "function": "log_requests", "line": 93, "asctime": "2026-01-10 23:46:49,284"}
{"timestamp": "2026-01-10T19:46:50.130072Z", "level": "INFO", "logger": "src.api.server", "message": "GET / - Status: 200 - Time: 0.001s", "module": "server", "function": "log_requests", "line": 93, "asctime": "2026-01-10 23:46:50,130"}
{"timestamp": "2026-01-10T19:52:16.471002Z", "level": "INFO", "logger": "src.data.storage", "message": "File storage initialized at data", "module": "storage", "function": "__init__", "line": 72, "asctime": "2026-01-10 23:52:16,471"}
{"timestamp": "2026-01-10T19:52:16.471951Z", "level": "INFO", "logger": "src.data.storage", "message": "Storage manager initialized with FileStorageBackend", "module": "storage", "function": "__init__", "line": 428, "asctime": "2026-01-10 23:52:16,471"}
{"timestamp": "2026-01-10T19:52:20.966108Z", "level": "WARNING", "logger": "src.core.graph", "message": "Redis cache not available: Error 10061 connecting to localhost:6379. No connection could be made because the target machine actively refused it.", "module": "graph", "function": "__init__", "line": 56, "asctime": "2026-01-10 23:52:20,965"}
{"timestamp": "2026-01-10T19:52:20.966108Z", "level": "INFO", "logger": "src.core.resolver", "message": "EntityResolver initialized", "module": "resolver", "function": "__init__", "line": 132, "asctime": "2026-01-10 23:52:20,966"}
{"timestamp": "2026-01-10T19:52:21.615113Z", "level": "WARNING", "logger": "src.core.graph", "message": "Failed to calculate average clustering: division by zero", "module": "graph", "function": "_calculate_avg_clustering", "line": 354, "asctime": "2026-01-10 23:52:21,614"}
{"timestamp": "2026-01-10T19:52:21.620628Z", "level": "INFO", "logger": "src.api.server", "message": "GET /api/stats - Status: 200 - Time: 0.007s", "module": "server", "function": "log_requests", "line": 93, "asctime": "2026-01-10 23:52:21,619"}
{"timestamp": "2026-01-10T19:52:55.818581Z", "level": "WARNING", "logger": "src.core.graph", "message": "Failed to calculate average clustering: division by zero", "module": "graph", "function": "_calculate_avg_clustering", "line": 354, "asctime": "2026-01-10 23:52:55,818"}
{"timestamp": "2026-01-10T19:52:55.819587Z", "level": "INFO", "logger": "src.api.server", "message": "GET /api/stats - Status: 200 - Time: 0.002s", "module": "server", "function": "log_requests", "line": 93, "asctime": "2026-01-10 23:52:55,819"}
{"timestamp": "2026-01-10T19:52:55.848171Z", "level": "WARNING", "logger": "src.core.graph", "message": "Failed to calculate average clustering: division by zero", "module": "graph", "function": "_calculate_avg_clustering", "line": 354, "asctime": "2026-01-10 23:52:55,848"}
{"timestamp": "2026-01-10T19:52:55.849173Z", "level": "INFO", "logger": "src.api.server", "message": "GET /api/stats - Status: 200 - Time: 0.001s", "module": "server", "function": "log_requests", "line": 93, "asctime": "2026-01-10 23:52:55,848"}
{"timestamp": "2026-01-10T19:54:17.560227Z", "level": "INFO", "logger": "src.api.server", "message": "GET /health - Status: 200 - Time: 0.001s", "module": "server", "function": "log_requests", "line": 93, "asctime": "2026-01-10 23:54:17,560"}
{"timestamp": "2026-01-10T19:54:22.878757Z", "level": "INFO", "logger": "src.data.storage", "message": "File storage initialized at data", "module": "storage", "function": "__init__", "line": 72, "asctime": "2026-01-10 23:54:22,878"}
{"timestamp": "2026-01-10T19:54:22.878757Z", "level": "INFO", "logger": "src.data.storage", "message": "Storage manager initialized with FileStorageBackend", "module": "storage", "function": "__init__", "line": 428, "asctime": "2026-01-10 23:54:22,878"}
{"timestamp": "2026-01-10T19:54:27.111041Z", "level": "WARNING", "logger": "src.core.graph", "message": "Redis cache not available: Error 10061 connecting to localhost:6379. No connection could be made because the target machine actively refused it.", "module": "graph", "function": "__init__", "line": 56, "asctime": "2026-01-10 23:54:27,111"}
{"timestamp": "2026-01-10T19:54:27.112046Z", "level": "INFO", "logger": "src.core.resolver", "message": "EntityResolver initialized", "module": "resolver", "function": "__init__", "line": 132, "asctime": "2026-01-10 23:54:27,112"}
{"timestamp": "2026-01-10T19:54:39.132905Z", "level": "WARNING", "logger": "src.core.graph", "message": "Failed to calculate average clustering: division by zero", "module": "graph", "function": "_calculate_avg_clustering", "line": 354, "asctime": "2026-01-10 23:54:39,132"}
{"timestamp": "2026-01-10T19:54:39.133908Z", "level": "INFO", "logger": "src.api.server", "message": "GET /api/stats - Status: 200 - Time: 0.002s", "module": "server", "function": "log_requests", "line": 93, "asctime": "2026-01-10 23:54:39,133"}
{"timestamp": "2026-01-10T19:54:39.167959Z", "level": "WARNING", "logger": "src.core.graph", "message": "Failed to calculate average clustering: division by zero", "module": "graph", "function": "_calculate_avg_clustering", "line": 354, "asctime": "2026-01-10 23:54:39,167"}
{"timestamp": "2026-01-10T19:54:39.168961Z", "level": "INFO", "logger": "src.api.server", "message": "GET /api/stats - Status: 200 - Time: 0.002s", "module": "server", "function": "log_requests", "line": 93, "asctime": "2026-01-10 23:54:39,168"}
{"timestamp": "2026-01-10T19:54:43.128161Z", "level": "INFO", "logger": "src.api.server", "message": "GET / - Status: 200 - Time: 0.001s", "module": "server", "function": "log_requests", "line": 93, "asctime": "2026-01-10 23:54:43,128"}
{"timestamp": "2026-01-10T19:54:45.729894Z", "level": "INFO", "logger": "src.api.server", "message": "GET / - Status: 200 - Time: 0.001s", "module": "server", "function": "log_requests", "line": 93, "asctime": "2026-01-10 23:54:45,729"}
