2026-01-12 23:51:17,924 - INFO - 🚀 Argus MVP - Starting all services...
2026-01-12 23:51:17,925 - INFO - ==================================================
2026-01-12 23:51:17,926 - INFO - Starting services...
2026-01-12 23:51:17,926 - INFO - 🔧 Starting API Server...
2026-01-12 23:51:17,936 - WARNING - Port 8000 is already in use by 0
2026-01-12 23:51:17,937 - WARNING - Port 8000 is in use, attempting to free it...
2026-01-12 23:51:19,951 - DEBUG - PYTHONPATH set to: D:\argus\src
2026-01-12 23:51:19,953 - DEBUG - API command: C:\Users\T\AppData\Local\Programs\Python\Python310\python.exe -c import sys; sys.path.insert(0, "d:\\argus\src"); from src.api.server import app; import uvicorn; uvicorn.run(app, host="127.0.0.1", port=8000)
2026-01-12 23:51:21,984 - INFO -    ✅ API Server started!
2026-01-12 23:51:21,984 - INFO -    📊 API Documentation: http://localhost:8000/docs
2026-01-12 23:51:21,984 - INFO - 📊 Starting Streamlit UI...
2026-01-12 23:51:21,990 - WARNING - Port 8501 is already in use by 0
2026-01-12 23:51:21,991 - WARNING - Port 8501 is in use, attempting to free it...
2026-01-12 23:51:24,013 - DEBUG - PYTHONPATH set to: D:\argus\src
2026-01-12 23:51:24,013 - DEBUG - UI command: C:\Users\T\AppData\Local\Programs\Python\Python310\python.exe -m streamlit run src/ui/app.py --server.address=localhost --server.port=8501
2026-01-12 23:51:27,034 - INFO -    ✅ Streamlit UI started!
2026-01-12 23:51:27,034 - INFO -    🌐 Web Interface: http://localhost:8501
2026-01-12 23:51:27,034 - INFO - Waiting for services to initialize...
2026-01-12 23:51:30,043 - INFO - Checking service health...
2026-01-12 23:51:30,044 - DEBUG - Checking API Server at http://localhost:8000/health
2026-01-12 23:51:30,053 - DEBUG - Starting new HTTP connection (1): localhost:8000
2026-01-12 23:51:34,135 - ERROR - API Server check failed: HTTPConnectionPool(host='localhost', port=8000): Max retries exceeded with url: /health (Caused by NewConnectionError('<urllib3.connection.HTTPConnection object at 0x000001FA6ECC88E0>: Failed to establish a new connection: [WinError 10061] No connection could be made because the target machine actively refused it'))
2026-01-12 23:51:34,139 - DEBUG - Checking Streamlit UI at http://localhost:8501
2026-01-12 23:51:34,140 - DEBUG - Starting new HTTP connection (1): localhost:8501
2026-01-12 23:51:34,169 - DEBUG - http://localhost:8501 "GET / HTTP/1.1" 200 None
2026-01-12 23:51:34,169 - DEBUG - Streamlit UI check: ✅ Success (Status: 200)
2026-01-12 23:51:34,170 - INFO - API Health: ❌
2026-01-12 23:51:34,172 - INFO - UI Health: ✅
2026-01-12 23:51:34,172 - ERROR - ❌ Some services failed to start
