2026-01-13 00:05:06,153 - INFO - 🚀 Historical Intelligence Analysis System (HIAS) - Starting all services...
2026-01-13 00:05:06,154 - INFO - ==================================================
2026-01-13 00:05:06,155 - INFO - Starting services...
2026-01-13 00:05:06,155 - INFO - 🔧 Starting API Server...
2026-01-13 00:05:06,164 - DEBUG - PYTHONPATH set to: D:\argus\src
2026-01-13 00:05:06,164 - DEBUG - API command: C:\Users\T\AppData\Local\Programs\Python\Python310\python.exe -c import sys; sys.path.insert(0, "d:\\argus\src"); from src.api.server import app; import uvicorn; uvicorn.run(app, host="127.0.0.1", port=8000)
2026-01-13 00:05:08,188 - INFO -    ✅ API Server started!
2026-01-13 00:05:08,188 - INFO -    📊 API Documentation: http://localhost:8000/docs
2026-01-13 00:05:08,190 - INFO - 📊 Starting Streamlit UI...
2026-01-13 00:05:08,196 - WARNING - Port 8501 is already in use by 0
2026-01-13 00:05:08,196 - WARNING - Port 8501 is in use, attempting to free it...
2026-01-13 00:05:10,211 - DEBUG - PYTHONPATH set to: D:\argus\src
2026-01-13 00:05:10,211 - DEBUG - UI command: C:\Users\T\AppData\Local\Programs\Python\Python310\python.exe -m streamlit run src/ui/app.py --server.address=localhost --server.port=8501
2026-01-13 00:05:13,229 - INFO -    ✅ Streamlit UI started!
2026-01-13 00:05:13,229 - INFO -    🌐 Web Interface: http://localhost:8501
2026-01-13 00:05:13,230 - INFO - Waiting for services to initialize...
2026-01-13 00:05:16,243 - INFO - Checking service health...
2026-01-13 00:05:16,244 - DEBUG - Checking API Server at http://localhost:8000/health
2026-01-13 00:05:16,251 - DEBUG - Starting new HTTP connection (1): localhost:8000
2026-01-13 00:05:20,351 - ERROR - API Server check failed: HTTPConnectionPool(host='localhost', port=8000): Max retries exceeded with url: /health (Caused by NewConnectionError('<urllib3.connection.HTTPConnection object at 0x0000025D3CCDC8E0>: Failed to establish a new connection: [WinError 10061] No connection could be made because the target machine actively refused it'))
2026-01-13 00:05:20,357 - DEBUG - Checking Streamlit UI at http://localhost:8501
2026-01-13 00:05:20,359 - DEBUG - Starting new HTTP connection (1): localhost:8501
2026-01-13 00:05:20,390 - DEBUG - http://localhost:8501 "GET / HTTP/1.1" 200 None
2026-01-13 00:05:20,391 - DEBUG - Streamlit UI check: ✅ Success (Status: 200)
2026-01-13 00:05:20,392 - INFO - API Health: ✅
2026-01-13 00:05:20,392 - INFO - UI Health: ✅
2026-01-13 00:05:20,395 - INFO - Historical Intelligence Analysis System (HIAS) started successfully
2026-01-13 00:12:56,322 - INFO - 🛑 Stopping Historical Intelligence Analysis System (HIAS)...
