2026-01-13 01:12:06,559 - INFO - 🚀 Historical Intelligence Analysis System (HIAS) - Starting all services...
2026-01-13 01:12:06,560 - INFO - ==================================================
2026-01-13 01:12:06,561 - INFO - Starting services...
2026-01-13 01:12:06,562 - INFO - 🔧 Starting API Server...
2026-01-13 01:12:06,567 - WARNING - Port 8000 is already in use by 0
2026-01-13 01:12:06,567 - WARNING - Port 8000 is in use, attempting to free it...
2026-01-13 01:12:08,607 - DEBUG - PYTHONPATH set to: D:\argus\src
2026-01-13 01:12:08,608 - DEBUG - API command: C:\Users\T\AppData\Local\Programs\Python\Python310\python.exe -c import sys; sys.path.insert(0, "d:\\argus\src"); from src.api.server import app; import uvicorn; uvicorn.run(app, host="127.0.0.1", port=8000)
2026-01-13 01:12:10,657 - INFO -    ✅ API Server started!
2026-01-13 01:12:10,657 - INFO -    📊 API Documentation: http://localhost:8000/docs
2026-01-13 01:12:10,658 - INFO - 📊 Starting Streamlit UI...
2026-01-13 01:12:10,663 - DEBUG - PYTHONPATH set to: D:\argus\src
2026-01-13 01:12:10,663 - DEBUG - UI command: C:\Users\T\AppData\Local\Programs\Python\Python310\python.exe -m streamlit run src/ui/app.py --server.address=localhost --server.port=8501
2026-01-13 01:12:13,681 - INFO -    ✅ Streamlit UI started!
2026-01-13 01:12:13,684 - INFO -    🌐 Web Interface: http://localhost:8501
2026-01-13 01:12:13,685 - INFO - Waiting for services to initialize...
2026-01-13 01:12:16,696 - INFO - Checking service health...
2026-01-13 01:12:16,696 - DEBUG - Checking API Server at http://localhost:8000/health
2026-01-13 01:12:16,704 - DEBUG - Starting new HTTP connection (1): localhost:8000
2026-01-13 01:12:20,787 - ERROR - API Server check failed: HTTPConnectionPool(host='localhost', port=8000): Max retries exceeded with url: /health (Caused by NewConnectionError('<urllib3.connection.HTTPConnection object at 0x0000027C9A5CC8E0>: Failed to establish a new connection: [WinError 10061] No connection could be made because the target machine actively refused it'))
2026-01-13 01:12:20,788 - DEBUG - Checking Streamlit UI at http://localhost:8501
2026-01-13 01:12:20,790 - DEBUG - Starting new HTTP connection (1): localhost:8501
2026-01-13 01:12:20,794 - DEBUG - http://localhost:8501 "GET / HTTP/1.1" 200 None
2026-01-13 01:12:20,795 - DEBUG - Streamlit UI check: ✅ Success (Status: 200)
2026-01-13 01:12:20,797 - INFO - API Health: ✅
2026-01-13 01:12:20,799 - INFO - UI Health: ✅
2026-01-13 01:12:20,804 - INFO - Historical Intelligence Analysis System (HIAS) started successfully
