2026-01-13 00:12:59,926 - INFO - 🚀 Historical Intelligence Analysis System (HIAS) - Starting all services...
2026-01-13 00:12:59,927 - INFO - ==================================================
2026-01-13 00:12:59,927 - INFO - Starting services...
2026-01-13 00:12:59,928 - INFO - 🔧 Starting API Server...
2026-01-13 00:12:59,935 - DEBUG - PYTHONPATH set to: D:\argus\src
2026-01-13 00:12:59,935 - DEBUG - API command: C:\Users\T\AppData\Local\Programs\Python\Python310\python.exe -c import sys; sys.path.insert(0, "d:\\argus\src"); from src.api.server import app; import uvicorn; uvicorn.run(app, host="127.0.0.1", port=8000)
2026-01-13 00:13:01,957 - INFO -    ✅ API Server started!
2026-01-13 00:13:01,958 - INFO -    📊 API Documentation: http://localhost:8000/docs
2026-01-13 00:13:01,958 - INFO - 📊 Starting Streamlit UI...
2026-01-13 00:13:01,964 - DEBUG - PYTHONPATH set to: D:\argus\src
2026-01-13 00:13:01,964 - DEBUG - UI command: C:\Users\T\AppData\Local\Programs\Python\Python310\python.exe -m streamlit run src/ui/app.py --server.address=localhost --server.port=8501
2026-01-13 00:13:04,987 - INFO -    ✅ Streamlit UI started!
2026-01-13 00:13:04,987 - INFO -    🌐 Web Interface: http://localhost:8501
2026-01-13 00:13:04,988 - INFO - Waiting for services to initialize...
2026-01-13 00:13:08,002 - INFO - Checking service health...
2026-01-13 00:13:08,003 - DEBUG - Checking API Server at http://localhost:8000/health
2026-01-13 00:13:08,013 - DEBUG - Starting new HTTP connection (1): localhost:8000
2026-01-13 00:13:12,097 - ERROR - API Server check failed: HTTPConnectionPool(host='localhost', port=8000): Max retries exceeded with url: /health (Caused by NewConnectionError('<urllib3.connection.HTTPConnection object at 0x000001F8226FC8E0>: Failed to establish a new connection: [WinError 10061] No connection could be made because the target machine actively refused it'))
2026-01-13 00:13:12,098 - DEBUG - Checking Streamlit UI at http://localhost:8501
2026-01-13 00:13:12,103 - DEBUG - Starting new HTTP connection (1): localhost:8501
2026-01-13 00:13:12,114 - DEBUG - http://localhost:8501 "GET / HTTP/1.1" 200 None
2026-01-13 00:13:12,116 - DEBUG - Streamlit UI check: ✅ Success (Status: 200)
2026-01-13 00:13:12,119 - INFO - API Health: ✅
2026-01-13 00:13:12,120 - INFO - UI Health: ✅
2026-01-13 00:13:12,133 - INFO - Historical Intelligence Analysis System (HIAS) started successfully
2026-01-13 00:16:05,153 - INFO - 🛑 Stopping Historical Intelligence Analysis System (HIAS)...
